Removed Pin From Net: NetName=5V0_USB Pin=C5-1
Removed Pin From Net: NetName=GND Pin=C5-2
Change Component Footprint: Designator=LED9 Old Footprint=RESC1206(3216)75_L New Footprint=RESC0805(2012)70_L
Change Component Footprint: Designator=LED10 Old Footprint=RESC1206(3216)75_L New Footprint=RESC0805(2012)70_L
Change Component Footprint: Designator=LED11 Old Footprint=RESC1206(3216)75_L New Footprint=RESC0805(2012)70_L
Change Component Footprint: Designator=LED12 Old Footprint=RESC1206(3216)75_L New Footprint=RESC0805(2012)70_L
Change Component Footprint: Designator=LED17 Old Footprint=RESC1206(3216)75_L New Footprint=RESC0805(2012)70_L
Change Component Footprint: Designator=LED18 Old Footprint=RESC1206(3216)75_L New Footprint=RESC0805(2012)70_L
Change Component Footprint: Designator=LED19 Old Footprint=RESC1206(3216)75_L New Footprint=RESC0805(2012)70_L
Change Component Footprint: Designator=LED20 Old Footprint=RESC1206(3216)75_L New Footprint=RESC0805(2012)70_L
Change Component Footprint: Designator=R9 Old Footprint=RESC1206(3216)75_L New Footprint=RESC0805(2012)70_L
Change Component Footprint: Designator=R10 Old Footprint=RESC1206(3216)75_L New Footprint=RESC0805(2012)70_L
Change Component Footprint: Designator=R11 Old Footprint=RESC1206(3216)75_L New Footprint=RESC0805(2012)70_L
Change Component Footprint: Designator=R12 Old Footprint=RESC1206(3216)75_L New Footprint=RESC0805(2012)70_L
Change Component Footprint: Designator=R17 Old Footprint=RESC1206(3216)75_L New Footprint=RESC0805(2012)70_L
Change Component Footprint: Designator=R18 Old Footprint=RESC1206(3216)75_L New Footprint=RESC0805(2012)70_L
Change Component Footprint: Designator=R19 Old Footprint=RESC1206(3216)75_L New Footprint=RESC0805(2012)70_L
Change Component Footprint: Designator=R20 Old Footprint=RESC1206(3216)75_L New Footprint=RESC0805(2012)70_L
Change Component Comment : Designator=R9 Old Comment=1206 New Comment=0805
Change Component Comment : Designator=R10 Old Comment=1206 New Comment=0805
Change Component Comment : Designator=R11 Old Comment=1206 New Comment=0805
Change Component Comment : Designator=R12 Old Comment=1206 New Comment=0805
Added Component: Designator=C5(CAPC1206(3216)190_L)
Added Pin To Net: NetName=5V0_USB Pin=C5-1
Added Pin To Net: NetName=GND Pin=C5-2
Added Member To Class: ClassName=Devices Member=Component C5 AP 100uF 6.3V 1206(3216)
