Removed Pin From Net: NetName=GND Pin=C1-1
Removed Pin From Net: NetName=5V0_USB Pin=C5-1
Removed Pin From Net: NetName=GND Pin=C5-2
Removed Pin From Net: NetName=GND Pin=U1-1
Removed Pin From Net: NetName=GND Pin=U1-12
Removed Pin From Net: NetName=GND Pin=U1-13
Added Component: Designator=C5(CAPC1206(3216)190_L)
Added Pin To Net: NetName=5V0_USB Pin=C5-1
Added Pin To Net: NetName=GND Pin=C5-2
Added Pin To Net: NetName=GND Pin=P4-10
Added Pin To Net: NetName=GND Pin=P4-11
Added Pin To Net: NetName=GND Pin=P4-12
Added Pin To Net: NetName=GND Pin=P4-21
Added Pin To Net: NetName=GND Pin=P4-22
Added Pin To Net: NetName=GND Pin=P4-23
Added Pin To Net: NetName=GND Pin=P4-24
Added Pin To Net: NetName=GND Pin=P4_LAND1-A3
Added Pin To Net: NetName=GND Pin=P4_LAND1-A4
Added Pin To Net: NetName=GND Pin=P4_LAND1-A5
Added Pin To Net: NetName=GND Pin=P4_LAND1-A6
Added Pin To Net: NetName=GND Pin=P4_LAND2-A4
Added Pin To Net: NetName=GND Pin=P4_LAND2-A5
Added Pin To Net: NetName=GND Pin=P4_LAND2-A6
Added Pin To Net: NetName=GND Pin=P4_LAND2-A7
Added Member To Class: ClassName=Devices Member=Component C5 AP 100uF 6.3V 1206(3216)
Added Member To Class: ClassName=Devices Member=Component J6 801-87-004-10-001101
