Removed Pin From Net: NetName=5V0_USB Pin=C5-1
Removed Pin From Net: NetName=GND Pin=C5-2
Removed Pin From Net: NetName=GND Pin=LED13-2
Removed Pin From Net: NetName=GND Pin=LED14-2
Removed Pin From Net: NetName=GND Pin=LED15-2
Removed Pin From Net: NetName=GND Pin=LED16-2
Removed Pin From Net: NetName=GND Pin=LED21-2
Removed Pin From Net: NetName=GND Pin=LED22-2
Removed Pin From Net: NetName=GND Pin=LED23-2
Removed Pin From Net: NetName=GND Pin=LED24-2
Removed Pin From Net: NetName=LEDA3 Pin=P5-J3
Removed Member From Class: ClassName=U_BGA LEDs A Member=LED13
Removed Member From Class: ClassName=U_BGA LEDs A Member=LED14
Removed Member From Class: ClassName=U_BGA LEDs A Member=LED15
Removed Member From Class: ClassName=U_BGA LEDs A Member=LED16
Removed Member From Class: ClassName=U_BGA LEDs B Member=LED21
Removed Member From Class: ClassName=U_BGA LEDs B Member=LED22
Removed Member From Class: ClassName=U_BGA LEDs B Member=LED23
Removed Member From Class: ClassName=U_BGA LEDs B Member=LED24
Removed Member From Class: ClassName=U_BGA LEDs A Member=R13
Removed Member From Class: ClassName=U_BGA LEDs A Member=R14
Removed Member From Class: ClassName=U_BGA LEDs A Member=R15
Removed Member From Class: ClassName=U_BGA LEDs A Member=R16
Removed Member From Class: ClassName=U_BGA LEDs B Member=R21
Removed Member From Class: ClassName=U_BGA LEDs B Member=R22
Removed Member From Class: ClassName=U_BGA LEDs B Member=R23
Removed Member From Class: ClassName=U_BGA LEDs B Member=R24
Removed Member From Class: ClassName=U_BGA LEDs A Member=R65
Added Component: Designator=C5(CAPC1206(3216)190_L)
Added Pin To Net: NetName=5V0_USB Pin=C5-1
Added Pin To Net: NetName=GND Pin=C5-2
Added Member To Class: ClassName=Devices Member=Component C5 AP 100uF 6.3V 1206(3216)
Added Room: Name=Devices
Added Room: Name=U_BGA LEDs A
Added Room: Name=U_BGA LEDs B
Added Room: Name=U_BGA Modules
