Added Component: Designator=U8(TSOP65P620X120-24N)
Added Pin To Net: NetName=GND Pin=U8-1
Added Pin To Net: NetName=MOSI_ARDX Pin=U8-2
Added Pin To Net: NetName=MOSI_ARD Pin=U8-3
Added Pin To Net: NetName=MISO_ARD Pin=U8-4
Added Pin To Net: NetName=MISO_ARDX Pin=U8-5
Added Pin To Net: NetName=SCLK_ARDX Pin=U8-6
Added Pin To Net: NetName=SCLK_ARD Pin=U8-7
Added Pin To Net: NetName=ARD_D1(TX) Pin=U8-8
Added Pin To Net: NetName=ARD_D1(TX)X Pin=U8-9
Added Pin To Net: NetName=ARD_D0(RX)X Pin=U8-10
Added Pin To Net: NetName=ARD_D0(RX) Pin=U8-11
Added Pin To Net: NetName=GND Pin=U8-12
Added Pin To Net: NetName=GND Pin=U8-13
Added Pin To Net: NetName=MUX_SEL Pin=U8-14
Added Pin To Net: NetName=MUX_SELX Pin=U8-15
Added Pin To Net: NetName=PROGRAM_BX Pin=U8-16
Added Pin To Net: NetName=PROGRAM_B Pin=U8-17
Added Pin To Net: NetName=ARD_D7 Pin=U8-18
Added Pin To Net: NetName=ARD_D7X Pin=U8-19
Added Pin To Net: NetName=DONE_ARDX Pin=U8-20
Added Pin To Net: NetName=DONE_ARD Pin=U8-21
Added Pin To Net: NetName=ALT_DONE Pin=U8-22
Added Pin To Net: NetName=ALT_DONEX Pin=U8-23
Added Pin To Net: NetName=5V0 Pin=U8-24
Added Member To Class: ClassName=Devices Member=Component U8 SN74CBTD3384CPWR
Added Room: Name=Devices
