Removed Pin From Net: NetName=1B1 Pin=J2-2
Removed Pin From Net: NetName=1B2 Pin=J2-3
Removed Pin From Net: NetName=1B3 Pin=J2-4
Removed Pin From Net: NetName=1B4 Pin=J2-5
Removed Pin From Net: NetName=1B5 Pin=J2-6
Removed Pin From Net: NetName=2B1 Pin=J2-7
Removed Pin From Net: NetName=2B2 Pin=J2-8
Removed Pin From Net: NetName=2B3 Pin=J2-9
Removed Pin From Net: NetName=2B4 Pin=J2-10
Removed Pin From Net: NetName=2B5 Pin=J2-11
Removed Pin From Net: NetName=GND Pin=J2-12
Added Pin To Net: NetName=GND Pin=J2-1
Added Pin To Net: NetName=2B5 Pin=J2-2
Added Pin To Net: NetName=2B4 Pin=J2-3
Added Pin To Net: NetName=2B3 Pin=J2-4
Added Pin To Net: NetName=2B2 Pin=J2-5
Added Pin To Net: NetName=2B1 Pin=J2-6
Added Pin To Net: NetName=1B5 Pin=J2-7
Added Pin To Net: NetName=1B4 Pin=J2-8
Added Pin To Net: NetName=1B3 Pin=J2-9
Added Pin To Net: NetName=1B2 Pin=J2-10
Added Pin To Net: NetName=1B1 Pin=J2-11
Added Room: Name=Level_Translation
